<?xml version="1.0" encoding="UTF-8"?>
<testng-results ignored="0" total="2" passed="2" failed="0" skipped="0">
  <reporter-output>
  </reporter-output>
  <suite started-at="2022-02-08T13:28:50 IST" name="Default suite" finished-at="2022-02-08T13:28:52 IST" duration-ms="1974">
    <groups>
      <group name="cucumber">
        <method signature="AbstractTestNGCucumberTests.runScenario(io.cucumber.testng.PickleWrapper, io.cucumber.testng.FeatureWrapper)[pri:0, instance:runner.Part_3_My_Runner@247d8ae]" name="runScenario" class="io.cucumber.testng.AbstractTestNGCucumberTests"/>
      </group> <!-- cucumber -->
    </groups>
    <test started-at="2022-02-08T13:28:50 IST" name="Default test" finished-at="2022-02-08T13:28:52 IST" duration-ms="1974">
      <class name="runner.Part_3_My_Runner">
        <test-method is-config="true" signature="setUpClass()[pri:0, instance:runner.Part_3_My_Runner@247d8ae]" started-at="2022-02-08T13:28:50 IST" name="setUpClass" finished-at="2022-02-08T13:28:51 IST" duration-ms="1049" status="PASS">
          <reporter-output>
          </reporter-output>
        </test-method> <!-- setUpClass -->
        <test-method signature="runScenario(io.cucumber.testng.PickleWrapper, io.cucumber.testng.FeatureWrapper)[pri:0, instance:runner.Part_3_My_Runner@247d8ae]" started-at="2022-02-08T13:28:51 IST" name="runScenario" description="Runs Cucumber Scenarios" data-provider="scenarios" finished-at="2022-02-08T13:28:51 IST" duration-ms="547" status="PASS">
          <params>
            <param index="0">
              <value>
                <![CDATA["Create New Brand"]]>
              </value>
            </param>
            <param index="1">
              <value>
                <![CDATA["Optional[Testing Brand Page]"]]>
              </value>
            </param>
          </params>
          <reporter-output>
          </reporter-output>
        </test-method> <!-- runScenario -->
        <test-method signature="runScenario(io.cucumber.testng.PickleWrapper, io.cucumber.testng.FeatureWrapper)[pri:0, instance:runner.Part_3_My_Runner@247d8ae]" started-at="2022-02-08T13:28:51 IST" name="runScenario" description="Runs Cucumber Scenarios" data-provider="scenarios" finished-at="2022-02-08T13:28:51 IST" duration-ms="63" status="PASS">
          <params>
            <param index="0">
              <value>
                <![CDATA["Edit Created Brand"]]>
              </value>
            </param>
            <param index="1">
              <value>
                <![CDATA["Optional[Testing Brand Page]"]]>
              </value>
            </param>
          </params>
          <reporter-output>
          </reporter-output>
        </test-method> <!-- runScenario -->
        <test-method is-config="true" signature="tearDownClass()[pri:0, instance:runner.Part_3_My_Runner@247d8ae]" started-at="2022-02-08T13:28:51 IST" name="tearDownClass" finished-at="2022-02-08T13:28:52 IST" duration-ms="229" status="PASS">
          <reporter-output>
          </reporter-output>
        </test-method> <!-- tearDownClass -->
      </class> <!-- runner.Part_3_My_Runner -->
    </test> <!-- Default test -->
  </suite> <!-- Default suite -->
</testng-results>
